d:\dev\visual\cpp\flashstm32\intermediate\flashboot\x64\debug\vc143.pdb
d:\dev\visual\cpp\flashstm32\intermediate\flashboot\x64\debug\vc143.idb
d:\dev\visual\cpp\flashstm32\intermediate\flashboot\x64\debug\test.obj
d:\dev\visual\cpp\flashstm32\intermediate\flashboot\x64\debug\srecord.obj
d:\dev\visual\cpp\flashstm32\intermediate\flashboot\x64\debug\serialcom.obj
d:\dev\visual\cpp\flashstm32\intermediate\flashboot\x64\debug\manager.obj
d:\dev\visual\cpp\flashstm32\intermediate\flashboot\x64\debug\flashmemory.obj
d:\dev\visual\cpp\flashstm32\intermediate\flashboot\x64\debug\convertstring.obj
d:\dev\visual\cpp\flashstm32\bin\x64\debug\flashboot.exe
d:\dev\visual\cpp\flashstm32\bin\x64\debug\flashboot.pdb
d:\dev\visual\cpp\flashstm32\intermediate\flashboot\x64\debug\flashboot.ilk
d:\dev\visual\cpp\flashstm32\\bin\x64\debug\flashboot.pdb
d:\dev\visual\cpp\flashstm32\intermediate\flashboot\x64\debug\flashboot.tlog\cl.command.1.tlog
d:\dev\visual\cpp\flashstm32\intermediate\flashboot\x64\debug\flashboot.tlog\cl.items.tlog
d:\dev\visual\cpp\flashstm32\intermediate\flashboot\x64\debug\flashboot.tlog\cl.read.1.tlog
d:\dev\visual\cpp\flashstm32\intermediate\flashboot\x64\debug\flashboot.tlog\cl.write.1.tlog
d:\dev\visual\cpp\flashstm32\intermediate\flashboot\x64\debug\flashboot.tlog\link.command.1.tlog
d:\dev\visual\cpp\flashstm32\intermediate\flashboot\x64\debug\flashboot.tlog\link.read.1.tlog
d:\dev\visual\cpp\flashstm32\intermediate\flashboot\x64\debug\flashboot.tlog\link.secondary.1.tlog
d:\dev\visual\cpp\flashstm32\intermediate\flashboot\x64\debug\flashboot.tlog\link.write.1.tlog
